12.03.2016 14:17:29 [INFO] from cz.martlin.kh.logic.export.CSVExporterImporter in main - Will appendly export csv to /tmp/testing-export1457788648866.csv.
12.03.2016 14:17:29 [INFO] from cz.martlin.kh.logic.export.CSVExporterImporter in main - Appending exporter closed.
12.03.2016 14:17:29 [WARN] from cz.martlin.kh.logic.export.CSVExporterImporter in main - File check out of order. Assuming file is OK.
12.03.2016 14:17:29 [INFO] from cz.martlin.kh.logic.export.XLSXExporterImporter in main - Will rewritelly export xlsx to /tmp/testing-export1457788649323.xlsx.
12.03.2016 14:17:30 [INFO] from cz.martlin.kh.logic.export.XLSXExporterImporter in main - Rewriting export closed.
12.03.2016 14:17:30 [INFO] from cz.martlin.kh.logic.export.XLSXExporterImporter in main - Will import from /tmp/testing-export1457788649323.xlsx.
12.03.2016 14:17:30 [INFO] from cz.martlin.kh.logic.export.XLSXExporterImporter in main - Rewriting import closed.
12.03.2016 21:17:51 [INFO] from cz.martlin.kh.logic.export.CSVExporterImporter in main - Will appendly export csv to /tmp/testing-export1457813870952.csv.
12.03.2016 21:17:51 [INFO] from cz.martlin.kh.logic.export.CSVExporterImporter in main - Appending exporter closed.
12.03.2016 21:17:51 [WARN] from cz.martlin.kh.logic.export.CSVExporterImporter in main - File check out of order. Assuming file is OK.
12.03.2016 21:17:51 [INFO] from cz.martlin.kh.logic.export.XLSXExporterImporter in main - Will rewritelly export xlsx to /tmp/testing-export1457813871370.xlsx.
12.03.2016 21:17:52 [INFO] from cz.martlin.kh.logic.export.XLSXExporterImporter in main - Rewriting export closed.
12.03.2016 21:17:52 [INFO] from cz.martlin.kh.logic.export.XLSXExporterImporter in main - Will import from /tmp/testing-export1457813871370.xlsx.
12.03.2016 21:17:52 [INFO] from cz.martlin.kh.logic.export.XLSXExporterImporter in main - Rewriting import closed.
12.03.2016 21:51:41 [INFO] from cz.martlin.kh.logic.export.CSVExporterImporter in main - Will appendly export csv to /tmp/testing-export1457815901503.csv.
12.03.2016 21:51:41 [INFO] from cz.martlin.kh.logic.export.CSVExporterImporter in main - Appending exporter closed.
12.03.2016 21:51:41 [WARN] from cz.martlin.kh.logic.export.CSVExporterImporter in main - File check out of order. Assuming file is OK.
12.03.2016 21:51:41 [INFO] from cz.martlin.kh.logic.export.XLSXExporterImporter in main - Will rewritelly export xlsx to /tmp/testing-export1457815901911.xlsx.
12.03.2016 21:51:42 [INFO] from cz.martlin.kh.logic.export.XLSXExporterImporter in main - Rewriting export closed.
12.03.2016 21:51:42 [INFO] from cz.martlin.kh.logic.export.XLSXExporterImporter in main - Will import from /tmp/testing-export1457815901911.xlsx.
12.03.2016 21:51:42 [INFO] from cz.martlin.kh.logic.export.XLSXExporterImporter in main - Rewriting import closed.
